Using pre-set license
Built from '2022.3/respin/2022.3.62f2-4af31df585-v2' branch; Version is '2022.3.62f3 (96770f904ca7) revision 9860879'; Using compiler version '192829333'; Build Type 'Release'
OS: 'Windows 10  (10.0.19045) 64bit Education' Language: 'ko' Physical Memory: 16332 MB
BatchMode: 1, IsHumanControllingUs: 0, StartBugReporterOnCrash: 0, Is64bit: 1, IsPro: 1

COMMAND LINE ARGUMENTS:
C:\Program Files\Unity\Hub\Editor\2022.3.62f3\Editor\Unity.exe
-adb2
-batchMode
-noUpm
-name
AssetImportWorker1
-projectPath
C:/Important/PROJECT/PORTFOLIO/05_UNITY/SyStemProgramming
-logFile
Logs/AssetImportWorker1.log
-srvPort
52637
Successfully changed project path to: C:/Important/PROJECT/PORTFOLIO/05_UNITY/SyStemProgramming
C:/Important/PROJECT/PORTFOLIO/05_UNITY/SyStemProgramming
[UnityMemory] Configuration Parameters - Can be set up in boot.config
    "memorysetup-bucket-allocator-granularity=16"
    "memorysetup-bucket-allocator-bucket-count=8"
    "memorysetup-bucket-allocator-block-size=33554432"
    "memorysetup-bucket-allocator-block-count=8"
    "memorysetup-main-allocator-block-size=16777216"
    "memorysetup-thread-allocator-block-size=16777216"
    "memorysetup-gfx-main-allocator-block-size=16777216"
    "memorysetup-gfx-thread-allocator-block-size=16777216"
    "memorysetup-cache-allocator-block-size=4194304"
    "memorysetup-typetree-allocator-block-size=2097152"
    "memorysetup-profiler-bucket-allocator-granularity=16"
    "memorysetup-profiler-bucket-allocator-bucket-count=8"
    "memorysetup-profiler-bucket-allocator-block-size=33554432"
    "memorysetup-profiler-bucket-allocator-block-count=8"
    "memorysetup-profiler-allocator-block-size=16777216"
    "memorysetup-profiler-editor-allocator-block-size=1048576"
    "memorysetup-temp-allocator-size-main=16777216"
    "memorysetup-job-temp-allocator-block-size=2097152"
    "memorysetup-job-temp-allocator-block-size-background=1048576"
    "memorysetup-job-temp-allocator-reduction-small-platforms=262144"
    "memorysetup-allocator-temp-initial-block-size-main=262144"
    "memorysetup-allocator-temp-initial-block-size-worker=262144"
    "memorysetup-temp-allocator-size-background-worker=32768"
    "memorysetup-temp-allocator-size-job-worker=262144"
    "memorysetup-temp-allocator-size-preload-manager=33554432"
    "memorysetup-temp-allocator-size-nav-mesh-worker=65536"
    "memorysetup-temp-allocator-size-audio-worker=65536"
    "memorysetup-temp-allocator-size-cloud-worker=32768"
    "memorysetup-temp-allocator-size-gi-baking-worker=262144"
    "memorysetup-temp-allocator-size-gfx=262144"
Player connection [21740]  Target information:

Player connection [21740]  * "[IP] 192.168.35.25 [Port] 0 [Flags] 2 [Guid] 3746322283 [EditorId] 3746322283 [Version] 1048832 [Id] WindowsEditor(7,DESKTOP-RN9LL08) [Debug] 1 [PackageName] WindowsEditor [ProjectName] Editor" 

Player connection [21740] Host joined multi-casting on [225.0.0.222:54997]...
Player connection [21740] Host joined alternative multi-casting on [225.0.0.222:34997]...
Input System module state changed to: Initialized.
[PhysX] Initialized MultithreadedTaskDispatcher with 6 workers.
Refreshing native plugins compatible for Editor in 14.96 ms, found 3 plugins.
Preloading 0 native plugins for Editor in 0.00 ms.
Initialize engine version: 2022.3.62f3 (96770f904ca7)
[Subsystems] Discovering subsystems at path C:/Program Files/Unity/Hub/Editor/2022.3.62f3/Editor/Data/Resources/UnitySubsystems
[Subsystems] Discovering subsystems at path C:/Important/PROJECT/PORTFOLIO/05_UNITY/SyStemProgramming/Assets
GfxDevice: creating device client; threaded=0; jobified=0
Direct3D:
    Version:  Direct3D 11.0 [level 11.1]
    Renderer: NVIDIA GeForce RTX 2060 (ID=0x1f08)
    Vendor:   NVIDIA
    VRAM:     5954 MB
    Driver:   32.0.15.7283
Initialize mono
Mono path[0] = 'C:/Program Files/Unity/Hub/Editor/2022.3.62f3/Editor/Data/Managed'
Mono path[1] = 'C:/Program Files/Unity/Hub/Editor/2022.3.62f3/Editor/Data/MonoBleedingEdge/lib/mono/unityjit-win32'
Mono config path = 'C:/Program Files/Unity/Hub/Editor/2022.3.62f3/Editor/Data/MonoBleedingEdge/etc'
Using monoOptions --debugger-agent=transport=dt_socket,embedding=1,server=y,suspend=n,address=127.0.0.1:56080
Begin MonoManager ReloadAssembly
Registering precompiled unity dll's ...
Register platform support module: C:/Program Files/Unity/Hub/Editor/2022.3.62f3/Editor/Data/PlaybackEngines/AndroidPlayer/UnityEditor.Android.Extensions.dll
Register platform support module: C:/Program Files/Unity/Hub/Editor/2022.3.62f3/Editor/Data/PlaybackEngines/iOSSupport/UnityEditor.iOS.Extensions.dll
Register platform support module: C:/Program Files/Unity/Hub/Editor/2022.3.62f3/Editor/Data/PlaybackEngines/WindowsStandaloneSupport/UnityEditor.WindowsStandalone.Extensions.dll
Registered in 0.017861 seconds.
- Loaded All Assemblies, in  0.399 seconds
Native extension for WindowsStandalone target not found
[usbmuxd] Start listen thread
[usbmuxd] Listen thread started
Native extension for iOS target not found
Native extension for Android target not found
Android Extension - Scanning For ADB Devices 296 ms
Mono: successfully reloaded assembly
- Finished resetting the current domain, in  0.615 seconds
Domain Reload Profiling: 1010ms
	BeginReloadAssembly (121ms)
		ExecutionOrderSort (0ms)
		DisableScriptedObjects (0ms)
		BackupInstance (0ms)
		ReleaseScriptingObjects (0ms)
		CreateAndSetChildDomain (1ms)
	RebuildCommonClasses (37ms)
	RebuildNativeTypeToScriptingClass (12ms)
	initialDomainReloadingComplete (73ms)
	LoadAllAssembliesAndSetupDomain (153ms)
		LoadAssemblies (119ms)
		RebuildTransferFunctionScriptingTraits (0ms)
		AnalyzeDomain (150ms)
			TypeCache.Refresh (148ms)
				TypeCache.ScanAssembly (134ms)
			ScanForSourceGeneratedMonoScriptInfo (0ms)
			ResolveRequiredComponents (0ms)
	FinalizeReload (615ms)
		ReleaseScriptCaches (0ms)
		RebuildScriptCaches (0ms)
		SetupLoadedEditorAssemblies (564ms)
			LogAssemblyErrors (0ms)
			InitializePlatformSupportModulesInManaged (388ms)
			SetLoadedEditorAssemblies (5ms)
			RefreshPlugins (0ms)
			BeforeProcessingInitializeOnLoad (2ms)
			ProcessInitializeOnLoadAttributes (117ms)
			ProcessInitializeOnLoadMethodAttributes (50ms)
			AfterProcessingInitializeOnLoad (0ms)
			EditorAssembliesLoaded (0ms)
		ExecutionOrderSort2 (0ms)
		AwakeInstancesAfterBackupRestoration (0ms)
========================================================================
Worker process is ready to serve import requests
Caller must complete domain reload
Begin MonoManager ReloadAssembly
- Loaded All Assemblies, in  0.683 seconds
Native extension for WindowsStandalone target not found
Native extension for iOS target not found
Native extension for Android target not found
Mono: successfully reloaded assembly
Package Manager log level set to [2]
[Package Manager] Server::EnsureServerProcessIsRunning -- launch failed, reason: Unity was launched with the -noUpm command-line argument
[Package Manager] UpmClient::Send -- Unable to send message (not connected to UPM process).
[Package Manager] Cannot connect to Unity Package Manager local server
[Package Manager] Server::EnsureServerProcessIsRunning -- launch failed, reason: Unity was launched with the -noUpm command-line argument
[Package Manager] UpmClient::Send -- Unable to send message (not connected to UPM process).
[Package Manager] Cannot connect to Unity Package Manager local server
- Finished resetting the current domain, in  0.710 seconds
Domain Reload Profiling: 1388ms
	BeginReloadAssembly (167ms)
		ExecutionOrderSort (0ms)
		DisableScriptedObjects (7ms)
		BackupInstance (0ms)
		ReleaseScriptingObjects (0ms)
		CreateAndSetChildDomain (23ms)
	RebuildCommonClasses (40ms)
	RebuildNativeTypeToScriptingClass (11ms)
	initialDomainReloadingComplete (59ms)
	LoadAllAssembliesAndSetupDomain (400ms)
		LoadAssemblies (361ms)
		RebuildTransferFunctionScriptingTraits (0ms)
		AnalyzeDomain (142ms)
			TypeCache.Refresh (120ms)
				TypeCache.ScanAssembly (106ms)
			ScanForSourceGeneratedMonoScriptInfo (16ms)
			ResolveRequiredComponents (5ms)
	FinalizeReload (711ms)
		ReleaseScriptCaches (0ms)
		RebuildScriptCaches (0ms)
		SetupLoadedEditorAssemblies (566ms)
			LogAssemblyErrors (0ms)
			InitializePlatformSupportModulesInManaged (33ms)
			SetLoadedEditorAssemblies (4ms)
			RefreshPlugins (0ms)
			BeforeProcessingInitializeOnLoad (117ms)
			ProcessInitializeOnLoadAttributes (379ms)
			ProcessInitializeOnLoadMethodAttributes (21ms)
			AfterProcessingInitializeOnLoad (11ms)
			EditorAssembliesLoaded (0ms)
		ExecutionOrderSort2 (0ms)
		AwakeInstancesAfterBackupRestoration (10ms)
Launched and connected shader compiler UnityShaderCompiler.exe after 0.05 seconds
Refreshing native plugins compatible for Editor in 9.77 ms, found 3 plugins.
Preloading 0 native plugins for Editor in 0.00 ms.
Unloading 3361 Unused Serialized files (Serialized files now loaded: 0)
Unloading 18 unused Assets / (54.3 KB). Loaded Objects now: 3831.
Memory consumption went from 127.7 MB to 127.6 MB.
Total: 3.744600 ms (FindLiveObjects: 0.407500 ms CreateObjectMapping: 0.126800 ms MarkObjects: 3.111400 ms  DeleteObjects: 0.097600 ms)

AssetImportParameters requested are different than current active one (requested -> active):
  custom:container-demuxer-ogg: 62fdf1f143b41e24485cea50d1cbac27 -> 
  custom:video-decoder-ogg-theora: a1e56fd34408186e4bbccfd4996cb3dc -> 
  custom:framework-win-MediaFoundation: 216162199b28c13a410421893ffa2e32 -> 
  custom:CustomObjectIndexerAttribute: 9a22284fe3817be447336de3de66b15e -> 
  custom:container-demuxer-webm: 4f35f7cbe854078d1ac9338744f61a02 -> 
  custom:container-muxer-webm: aa71ff27fc2769a1b78a27578f13a17b -> 
  custom:video-decoder-webm-vp8: 9c59270c3fd7afecdb556c50c9e8de78 -> 
  custom:SearchIndexIgnoredProperties: e643bd26f0fe6173181afceb89e7c659 -> 
  custom:AudioImporter_EditorPlatform: d09bf68614088b80899f8185d706f6e7 -> 
  custom:video-encoder-webm-vp8: eb34c28f22e8b96e1ab97ce403110664 -> 
  custom:audio-decoder-ogg-vorbis: bf7c407c2cedff20999df2af8eb42d56 -> 
  custom:audio-encoder-webm-vorbis: bf7c407c2cedff20999df2af8eb42d56 -> 
========================================================================
Received Prepare
Caller must complete domain reload
Begin MonoManager ReloadAssembly
- Loaded All Assemblies, in  0.587 seconds
Native extension for WindowsStandalone target not found
Native extension for iOS target not found
Native extension for Android target not found
Mono: successfully reloaded assembly
[Package Manager] Server::EnsureServerProcessIsRunning -- launch failed, reason: Unity was launched with the -noUpm command-line argument
[Package Manager] UpmClient::Send -- Unable to send message (not connected to UPM process).
[Package Manager] Cannot connect to Unity Package Manager local server
- Finished resetting the current domain, in  1.332 seconds
Domain Reload Profiling: 1912ms
	BeginReloadAssembly (177ms)
		ExecutionOrderSort (0ms)
		DisableScriptedObjects (6ms)
		BackupInstance (0ms)
		ReleaseScriptingObjects (0ms)
		CreateAndSetChildDomain (34ms)
	RebuildCommonClasses (37ms)
	RebuildNativeTypeToScriptingClass (12ms)
	initialDomainReloadingComplete (37ms)
	LoadAllAssembliesAndSetupDomain (315ms)
		LoadAssemblies (393ms)
		RebuildTransferFunctionScriptingTraits (0ms)
		AnalyzeDomain (26ms)
			TypeCache.Refresh (12ms)
				TypeCache.ScanAssembly (0ms)
			ScanForSourceGeneratedMonoScriptInfo (8ms)
			ResolveRequiredComponents (5ms)
	FinalizeReload (1333ms)
		ReleaseScriptCaches (0ms)
		RebuildScriptCaches (0ms)
		SetupLoadedEditorAssemblies (556ms)
			LogAssemblyErrors (0ms)
			InitializePlatformSupportModulesInManaged (36ms)
			SetLoadedEditorAssemblies (5ms)
			RefreshPlugins (0ms)
			BeforeProcessingInitializeOnLoad (127ms)
			ProcessInitializeOnLoadAttributes (353ms)
			ProcessInitializeOnLoadMethodAttributes (21ms)
			AfterProcessingInitializeOnLoad (13ms)
			EditorAssembliesLoaded (0ms)
		ExecutionOrderSort2 (0ms)
		AwakeInstancesAfterBackupRestoration (11ms)
Refreshing native plugins compatible for Editor in 10.56 ms, found 3 plugins.
Preloading 0 native plugins for Editor in 0.00 ms.
Unloading 3353 Unused Serialized files (Serialized files now loaded: 0)
Unloading 14 unused Assets / (28.5 KB). Loaded Objects now: 3834.
Memory consumption went from 127.0 MB to 126.9 MB.
Total: 4.062100 ms (FindLiveObjects: 0.318300 ms CreateObjectMapping: 0.101900 ms MarkObjects: 3.589000 ms  DeleteObjects: 0.051700 ms)

Prepare: number of updated asset objects reloaded= 0
AssetImportParameters requested are different than current active one (requested -> active):
  custom:container-demuxer-ogg: 62fdf1f143b41e24485cea50d1cbac27 -> 
  custom:video-decoder-ogg-theora: a1e56fd34408186e4bbccfd4996cb3dc -> 
  custom:framework-win-MediaFoundation: 216162199b28c13a410421893ffa2e32 -> 
  custom:CustomObjectIndexerAttribute: 9a22284fe3817be447336de3de66b15e -> 
  custom:container-demuxer-webm: 4f35f7cbe854078d1ac9338744f61a02 -> 
  custom:container-muxer-webm: aa71ff27fc2769a1b78a27578f13a17b -> 
  custom:video-decoder-webm-vp8: 9c59270c3fd7afecdb556c50c9e8de78 -> 
  custom:SearchIndexIgnoredProperties: e643bd26f0fe6173181afceb89e7c659 -> 
  custom:AudioImporter_EditorPlatform: d09bf68614088b80899f8185d706f6e7 -> 
  custom:video-encoder-webm-vp8: eb34c28f22e8b96e1ab97ce403110664 -> 
  custom:audio-decoder-ogg-vorbis: bf7c407c2cedff20999df2af8eb42d56 -> 
  custom:audio-encoder-webm-vorbis: bf7c407c2cedff20999df2af8eb42d56 -> 
  custom:scripting/precompiled-assembly-types:Assembly-CSharp-Editor:  -> aca7125a3389c5f4127a11b74e5e93cb
  custom:scripting/precompiled-assembly-types:Assembly-CSharp:  -> 20cdaaa988618e7c32f4baf96f88c255
========================================================================
Received Prepare
Caller must complete domain reload
Begin MonoManager ReloadAssembly
- Loaded All Assemblies, in  0.570 seconds
Native extension for WindowsStandalone target not found
Native extension for iOS target not found
Native extension for Android target not found
Mono: successfully reloaded assembly
- Finished resetting the current domain, in  1.317 seconds
Domain Reload Profiling: 1879ms
	BeginReloadAssembly (186ms)
		ExecutionOrderSort (0ms)
		DisableScriptedObjects (7ms)
		BackupInstance (0ms)
		ReleaseScriptingObjects (0ms)
		CreateAndSetChildDomain (35ms)
	RebuildCommonClasses (37ms)
	RebuildNativeTypeToScriptingClass (12ms)
	initialDomainReloadingComplete (38ms)
	LoadAllAssembliesAndSetupDomain (289ms)
		LoadAssemblies (376ms)
		RebuildTransferFunctionScriptingTraits (0ms)
		AnalyzeDomain (21ms)
			TypeCache.Refresh (6ms)
				TypeCache.ScanAssembly (0ms)
			ScanForSourceGeneratedMonoScriptInfo (7ms)
			ResolveRequiredComponents (6ms)
	FinalizeReload (1317ms)
		ReleaseScriptCaches (0ms)
		RebuildScriptCaches (0ms)
		SetupLoadedEditorAssemblies (577ms)
			LogAssemblyErrors (0ms)
			InitializePlatformSupportModulesInManaged (39ms)
			SetLoadedEditorAssemblies (5ms)
			RefreshPlugins (0ms)
			BeforeProcessingInitializeOnLoad (128ms)
			ProcessInitializeOnLoadAttributes (367ms)
			ProcessInitializeOnLoadMethodAttributes (24ms)
			AfterProcessingInitializeOnLoad (14ms)
			EditorAssembliesLoaded (0ms)
		ExecutionOrderSort2 (0ms)
		AwakeInstancesAfterBackupRestoration (11ms)
Refreshing native plugins compatible for Editor in 8.78 ms, found 3 plugins.
Preloading 0 native plugins for Editor in 0.00 ms.
Unloading 3102 Unused Serialized files (Serialized files now loaded: 0)
Unloading 165 unused Assets / (106.4 KB). Loaded Objects now: 3686.
Memory consumption went from 122.6 MB to 122.5 MB.
Total: 3.677600 ms (FindLiveObjects: 0.295000 ms CreateObjectMapping: 0.094500 ms MarkObjects: 3.074300 ms  DeleteObjects: 0.212300 ms)

Prepare: number of updated asset objects reloaded= 0
AssetImportParameters requested are different than current active one (requested -> active):
  custom:container-demuxer-ogg: 62fdf1f143b41e24485cea50d1cbac27 -> 
  custom:video-decoder-ogg-theora: a1e56fd34408186e4bbccfd4996cb3dc -> 
  custom:framework-win-MediaFoundation: 216162199b28c13a410421893ffa2e32 -> 
  custom:CustomObjectIndexerAttribute: 9a22284fe3817be447336de3de66b15e -> 
  custom:container-demuxer-webm: 4f35f7cbe854078d1ac9338744f61a02 -> 
  custom:container-muxer-webm: aa71ff27fc2769a1b78a27578f13a17b -> 
  custom:video-decoder-webm-vp8: 9c59270c3fd7afecdb556c50c9e8de78 -> 
  custom:SearchIndexIgnoredProperties: e643bd26f0fe6173181afceb89e7c659 -> 
  custom:AudioImporter_EditorPlatform: d09bf68614088b80899f8185d706f6e7 -> 
  custom:video-encoder-webm-vp8: eb34c28f22e8b96e1ab97ce403110664 -> 
  custom:audio-decoder-ogg-vorbis: bf7c407c2cedff20999df2af8eb42d56 -> 
  custom:audio-encoder-webm-vorbis: bf7c407c2cedff20999df2af8eb42d56 -> 
  custom:scripting/precompiled-assembly-types:Unity.Profiling.Core:  -> a336ccbc8b8eedc26954b35fd863eaec
  custom:scripting/precompiled-assembly-types:Unity.Notifications.Unified:  -> acfe9c264b5115af7d6929aa6a608e69
  custom:scripting/monoscript/fileName/AndroidLogcatConsoleWindow.cs:  -> 8abfcf0f3f6fe0b8c035b8828a556fee
  custom:scripting/precompiled-assembly-types:Unity.Notifications.iOS:  -> f0b5161cef7680ab922a0632cc852537
  custom:scripting/precompiled-assembly-types:Unity.Notifications.Android:  -> 9aa408928bc811d12c1ca9fe1a212ccd
  custom:scripting/precompiled-assembly-types:Unity.Notifications:  -> cfff12e36a20733b86fcb28a9746a270
  custom:scripting/precompiled-assembly-types:Unity.Mobile.AndroidLogcat.Editor:  -> d7d76d8c20c2071732287338102018b8
  custom:scripting/precompiled-assembly-types:Unity.AdaptivePerformance.UI.Editor:  -> 908f964c6ecafb877548f68a9449d641
  custom:scripting/precompiled-assembly-types:Unity.AdaptivePerformance.Profiler.Editor:  -> d175211299ac13ceae18940d7c139f1b
  custom:scripting/precompiled-assembly-types:Unity.AdaptivePerformance.Simulator.Editor:  -> c8f901e57ed7420952dbeb9964b7bea8
  custom:scripting/precompiled-assembly-types:Unity.Subsystem.Registration:  -> d277a39dc91ba107b2f9f0e00249ae0e
  custom:scripting/precompiled-assembly-types:Unity.AdaptivePerformance.Simulator.Extension:  -> b8be562c9560bbf2165033b96fcdac20
  custom:scripting/precompiled-assembly-types:Unity.AdaptivePerformance:  -> 196a4053981ad1333fe8cbdfe1c3440f
  custom:scripting/precompiled-assembly-types:Assembly-CSharp-Editor:  -> aca7125a3389c5f4127a11b74e5e93cb
  custom:scripting/precompiled-assembly-types:Unity.AdaptivePerformance.Editor:  -> 10b958660da57978956ec7799e5ada73
  custom:scripting/precompiled-assembly-types:Assembly-CSharp:  -> 20cdaaa988618e7c32f4baf96f88c255
========================================================================
Received Prepare
Caller must complete domain reload
Begin MonoManager ReloadAssembly
- Loaded All Assemblies, in  0.861 seconds
Native extension for WindowsStandalone target not found
Native extension for iOS target not found
Native extension for Android target not found
Mono: successfully reloaded assembly
- Finished resetting the current domain, in  1.646 seconds
Domain Reload Profiling: 2498ms
	BeginReloadAssembly (219ms)
		ExecutionOrderSort (0ms)
		DisableScriptedObjects (6ms)
		BackupInstance (0ms)
		ReleaseScriptingObjects (0ms)
		CreateAndSetChildDomain (39ms)
	RebuildCommonClasses (51ms)
	RebuildNativeTypeToScriptingClass (16ms)
	initialDomainReloadingComplete (60ms)
	LoadAllAssembliesAndSetupDomain (504ms)
		LoadAssemblies (614ms)
		RebuildTransferFunctionScriptingTraits (0ms)
		AnalyzeDomain (25ms)
			TypeCache.Refresh (9ms)
				TypeCache.ScanAssembly (0ms)
			ScanForSourceGeneratedMonoScriptInfo (9ms)
			ResolveRequiredComponents (6ms)
	FinalizeReload (1648ms)
		ReleaseScriptCaches (0ms)
		RebuildScriptCaches (0ms)
		SetupLoadedEditorAssemblies (717ms)
			LogAssemblyErrors (0ms)
			InitializePlatformSupportModulesInManaged (43ms)
			SetLoadedEditorAssemblies (5ms)
			RefreshPlugins (0ms)
			BeforeProcessingInitializeOnLoad (155ms)
			ProcessInitializeOnLoadAttributes (469ms)
			ProcessInitializeOnLoadMethodAttributes (26ms)
			AfterProcessingInitializeOnLoad (18ms)
			EditorAssembliesLoaded (0ms)
		ExecutionOrderSort2 (0ms)
		AwakeInstancesAfterBackupRestoration (17ms)
Refreshing native plugins compatible for Editor in 7.37 ms, found 3 plugins.
Preloading 0 native plugins for Editor in 0.00 ms.
Unloading 3103 Unused Serialized files (Serialized files now loaded: 0)
Unloading 13 unused Assets / (28.1 KB). Loaded Objects now: 3691.
Memory consumption went from 122.5 MB to 122.4 MB.
Total: 2.768100 ms (FindLiveObjects: 0.288300 ms CreateObjectMapping: 0.092900 ms MarkObjects: 2.345400 ms  DeleteObjects: 0.040500 ms)

Prepare: number of updated asset objects reloaded= 0
AssetImportParameters requested are different than current active one (requested -> active):
  custom:container-demuxer-ogg: 62fdf1f143b41e24485cea50d1cbac27 -> 
  custom:video-decoder-ogg-theora: a1e56fd34408186e4bbccfd4996cb3dc -> 
  custom:framework-win-MediaFoundation: 216162199b28c13a410421893ffa2e32 -> 
  custom:CustomObjectIndexerAttribute: 9a22284fe3817be447336de3de66b15e -> 
  custom:container-demuxer-webm: 4f35f7cbe854078d1ac9338744f61a02 -> 
  custom:container-muxer-webm: aa71ff27fc2769a1b78a27578f13a17b -> 
  custom:video-decoder-webm-vp8: 9c59270c3fd7afecdb556c50c9e8de78 -> 
  custom:SearchIndexIgnoredProperties: e643bd26f0fe6173181afceb89e7c659 -> 
  custom:scripting/monoscript/fileName/Logger.cs: a380ef938d60e722156c8a46cb03ad45 -> 
  custom:AudioImporter_EditorPlatform: d09bf68614088b80899f8185d706f6e7 -> 
  custom:video-encoder-webm-vp8: eb34c28f22e8b96e1ab97ce403110664 -> 
  custom:audio-decoder-ogg-vorbis: bf7c407c2cedff20999df2af8eb42d56 -> 
  custom:audio-encoder-webm-vorbis: bf7c407c2cedff20999df2af8eb42d56 -> 
  custom:scripting/precompiled-assembly-types:Assembly-CSharp: 0a0a61c2ff25a19b1afd1d01a3d52c29 -> 20cdaaa988618e7c32f4baf96f88c255
  custom:scripting/precompiled-assembly-types:Unity.Profiling.Core:  -> a336ccbc8b8eedc26954b35fd863eaec
  custom:scripting/precompiled-assembly-types:Unity.Notifications.Unified:  -> acfe9c264b5115af7d6929aa6a608e69
  custom:scripting/monoscript/fileName/AndroidLogcatConsoleWindow.cs:  -> 8abfcf0f3f6fe0b8c035b8828a556fee
  custom:scripting/precompiled-assembly-types:Unity.Notifications.iOS:  -> f0b5161cef7680ab922a0632cc852537
  custom:scripting/precompiled-assembly-types:Unity.Notifications.Android:  -> 9aa408928bc811d12c1ca9fe1a212ccd
  custom:scripting/precompiled-assembly-types:Unity.Notifications:  -> cfff12e36a20733b86fcb28a9746a270
  custom:scripting/precompiled-assembly-types:Unity.Mobile.AndroidLogcat.Editor:  -> d7d76d8c20c2071732287338102018b8
  custom:scripting/precompiled-assembly-types:Unity.AdaptivePerformance.UI.Editor:  -> 908f964c6ecafb877548f68a9449d641
  custom:scripting/precompiled-assembly-types:Unity.AdaptivePerformance.Profiler.Editor:  -> d175211299ac13ceae18940d7c139f1b
  custom:scripting/precompiled-assembly-types:Unity.AdaptivePerformance.Simulator.Editor:  -> c8f901e57ed7420952dbeb9964b7bea8
  custom:scripting/precompiled-assembly-types:Unity.Subsystem.Registration:  -> d277a39dc91ba107b2f9f0e00249ae0e
  custom:scripting/precompiled-assembly-types:Unity.AdaptivePerformance.Simulator.Extension:  -> b8be562c9560bbf2165033b96fcdac20
  custom:scripting/precompiled-assembly-types:Unity.AdaptivePerformance:  -> 196a4053981ad1333fe8cbdfe1c3440f
  custom:scripting/precompiled-assembly-types:Assembly-CSharp-Editor:  -> aca7125a3389c5f4127a11b74e5e93cb
  custom:scripting/precompiled-assembly-types:Unity.AdaptivePerformance.Editor:  -> 10b958660da57978956ec7799e5ada73
========================================================================
Received Import Request.
  Time since last request: 3901.198340 seconds.
  path: Assets/Scripts/Common/Logger.cs
  artifactKey: Guid(98725d9f74688d0489f1e29406c5d493) Importer(815301076,1909f56bfc062723c751e8b465ee728b)
Start importing Assets/Scripts/Common/Logger.cs using Guid(98725d9f74688d0489f1e29406c5d493) Importer(815301076,1909f56bfc062723c751e8b465ee728b) [PhysX] Initialized MultithreadedTaskDispatcher with 6 workers.
 -> (artifact id: 'b6b5f599c5279f9bea3d7f2277888354') in 0.003914 seconds
Number of updated asset objects reloaded before import = 0
Number of asset objects unloaded after import = 0
========================================================================
Received Prepare
Caller must complete domain reload
Begin MonoManager ReloadAssembly
- Loaded All Assemblies, in  0.588 seconds
Native extension for WindowsStandalone target not found
Native extension for iOS target not found
Native extension for Android target not found
Mono: successfully reloaded assembly
- Finished resetting the current domain, in  1.345 seconds
Domain Reload Profiling: 1925ms
	BeginReloadAssembly (185ms)
		ExecutionOrderSort (0ms)
		DisableScriptedObjects (5ms)
		BackupInstance (0ms)
		ReleaseScriptingObjects (0ms)
		CreateAndSetChildDomain (30ms)
	RebuildCommonClasses (40ms)
	RebuildNativeTypeToScriptingClass (12ms)
	initialDomainReloadingComplete (42ms)
	LoadAllAssembliesAndSetupDomain (301ms)
		LoadAssemblies (392ms)
		RebuildTransferFunctionScriptingTraits (0ms)
		AnalyzeDomain (22ms)
			TypeCache.Refresh (7ms)
				TypeCache.ScanAssembly (0ms)
			ScanForSourceGeneratedMonoScriptInfo (7ms)
			ResolveRequiredComponents (6ms)
	FinalizeReload (1345ms)
		ReleaseScriptCaches (0ms)
		RebuildScriptCaches (0ms)
		SetupLoadedEditorAssemblies (607ms)
			LogAssemblyErrors (0ms)
			InitializePlatformSupportModulesInManaged (43ms)
			SetLoadedEditorAssemblies (5ms)
			RefreshPlugins (0ms)
			BeforeProcessingInitializeOnLoad (141ms)
			ProcessInitializeOnLoadAttributes (383ms)
			ProcessInitializeOnLoadMethodAttributes (22ms)
			AfterProcessingInitializeOnLoad (13ms)
			EditorAssembliesLoaded (0ms)
		ExecutionOrderSort2 (0ms)
		AwakeInstancesAfterBackupRestoration (11ms)
Refreshing native plugins compatible for Editor in 7.38 ms, found 3 plugins.
Preloading 0 native plugins for Editor in 0.00 ms.
Unloading 3102 Unused Serialized files (Serialized files now loaded: 0)
Unloading 13 unused Assets / (28.1 KB). Loaded Objects now: 3695.
Memory consumption went from 122.2 MB to 122.2 MB.
Total: 2.883400 ms (FindLiveObjects: 0.295300 ms CreateObjectMapping: 0.090800 ms MarkObjects: 2.450300 ms  DeleteObjects: 0.045800 ms)

Prepare: number of updated asset objects reloaded= 0
AssetImportParameters requested are different than current active one (requested -> active):
  custom:container-demuxer-ogg: 62fdf1f143b41e24485cea50d1cbac27 -> 
  custom:video-decoder-ogg-theora: a1e56fd34408186e4bbccfd4996cb3dc -> 
  custom:framework-win-MediaFoundation: 216162199b28c13a410421893ffa2e32 -> 
  custom:CustomObjectIndexerAttribute: 9a22284fe3817be447336de3de66b15e -> 
  custom:container-demuxer-webm: 4f35f7cbe854078d1ac9338744f61a02 -> 
  custom:container-muxer-webm: aa71ff27fc2769a1b78a27578f13a17b -> 
  custom:video-decoder-webm-vp8: 9c59270c3fd7afecdb556c50c9e8de78 -> 
  custom:SearchIndexIgnoredProperties: e643bd26f0fe6173181afceb89e7c659 -> 
  custom:scripting/monoscript/fileName/Logger.cs: 906ed31d9fb9866fa9130da31a84dfb1 -> 
  custom:AudioImporter_EditorPlatform: d09bf68614088b80899f8185d706f6e7 -> 
  custom:video-encoder-webm-vp8: eb34c28f22e8b96e1ab97ce403110664 -> 
  custom:audio-decoder-ogg-vorbis: bf7c407c2cedff20999df2af8eb42d56 -> 
  custom:audio-encoder-webm-vorbis: bf7c407c2cedff20999df2af8eb42d56 -> 
  custom:scripting/precompiled-assembly-types:Assembly-CSharp: 75a0f530c29b9de729e460229a7791fb -> 20cdaaa988618e7c32f4baf96f88c255
  custom:scripting/precompiled-assembly-types:Unity.Profiling.Core:  -> a336ccbc8b8eedc26954b35fd863eaec
  custom:scripting/precompiled-assembly-types:Unity.Notifications.Unified:  -> acfe9c264b5115af7d6929aa6a608e69
  custom:scripting/monoscript/fileName/AndroidLogcatConsoleWindow.cs:  -> 8abfcf0f3f6fe0b8c035b8828a556fee
  custom:scripting/precompiled-assembly-types:Unity.Notifications.iOS:  -> f0b5161cef7680ab922a0632cc852537
  custom:scripting/precompiled-assembly-types:Unity.Notifications.Android:  -> 9aa408928bc811d12c1ca9fe1a212ccd
  custom:scripting/precompiled-assembly-types:Unity.Notifications:  -> cfff12e36a20733b86fcb28a9746a270
  custom:scripting/precompiled-assembly-types:Unity.Mobile.AndroidLogcat.Editor:  -> d7d76d8c20c2071732287338102018b8
  custom:scripting/precompiled-assembly-types:Unity.AdaptivePerformance.UI.Editor:  -> 908f964c6ecafb877548f68a9449d641
  custom:scripting/precompiled-assembly-types:Unity.AdaptivePerformance.Profiler.Editor:  -> d175211299ac13ceae18940d7c139f1b
  custom:scripting/precompiled-assembly-types:Unity.AdaptivePerformance.Simulator.Editor:  -> c8f901e57ed7420952dbeb9964b7bea8
  custom:scripting/precompiled-assembly-types:Unity.Subsystem.Registration:  -> d277a39dc91ba107b2f9f0e00249ae0e
  custom:scripting/precompiled-assembly-types:Unity.AdaptivePerformance.Simulator.Extension:  -> b8be562c9560bbf2165033b96fcdac20
  custom:scripting/precompiled-assembly-types:Unity.AdaptivePerformance:  -> 196a4053981ad1333fe8cbdfe1c3440f
  custom:scripting/precompiled-assembly-types:Assembly-CSharp-Editor:  -> aca7125a3389c5f4127a11b74e5e93cb
  custom:scripting/precompiled-assembly-types:Unity.AdaptivePerformance.Editor:  -> 10b958660da57978956ec7799e5ada73
========================================================================
Received Prepare
Caller must complete domain reload
Begin MonoManager ReloadAssembly
- Loaded All Assemblies, in  0.601 seconds
Native extension for WindowsStandalone target not found
Native extension for iOS target not found
Native extension for Android target not found
Mono: successfully reloaded assembly
- Finished resetting the current domain, in  1.349 seconds
Domain Reload Profiling: 1941ms
	BeginReloadAssembly (185ms)
		ExecutionOrderSort (0ms)
		DisableScriptedObjects (6ms)
		BackupInstance (0ms)
		ReleaseScriptingObjects (0ms)
		CreateAndSetChildDomain (29ms)
	RebuildCommonClasses (44ms)
	RebuildNativeTypeToScriptingClass (14ms)
	initialDomainReloadingComplete (41ms)
	LoadAllAssembliesAndSetupDomain (308ms)
		LoadAssemblies (403ms)
		RebuildTransferFunctionScriptingTraits (0ms)
		AnalyzeDomain (21ms)
			TypeCache.Refresh (7ms)
				TypeCache.ScanAssembly (0ms)
			ScanForSourceGeneratedMonoScriptInfo (7ms)
			ResolveRequiredComponents (5ms)
	FinalizeReload (1349ms)
		ReleaseScriptCaches (0ms)
		RebuildScriptCaches (0ms)
		SetupLoadedEditorAssemblies (602ms)
			LogAssemblyErrors (0ms)
			InitializePlatformSupportModulesInManaged (37ms)
			SetLoadedEditorAssemblies (6ms)
			RefreshPlugins (0ms)
			BeforeProcessingInitializeOnLoad (130ms)
			ProcessInitializeOnLoadAttributes (391ms)
			ProcessInitializeOnLoadMethodAttributes (22ms)
			AfterProcessingInitializeOnLoad (16ms)
			EditorAssembliesLoaded (0ms)
		ExecutionOrderSort2 (0ms)
		AwakeInstancesAfterBackupRestoration (14ms)
Refreshing native plugins compatible for Editor in 6.99 ms, found 3 plugins.
Preloading 0 native plugins for Editor in 0.00 ms.
Unloading 3103 Unused Serialized files (Serialized files now loaded: 0)
Unloading 13 unused Assets / (28.0 KB). Loaded Objects now: 3699.
Memory consumption went from 122.5 MB to 122.5 MB.
Total: 3.020300 ms (FindLiveObjects: 0.276100 ms CreateObjectMapping: 0.101800 ms MarkObjects: 2.596500 ms  DeleteObjects: 0.044300 ms)

Prepare: number of updated asset objects reloaded= 0
AssetImportParameters requested are different than current active one (requested -> active):
  custom:container-demuxer-ogg: 62fdf1f143b41e24485cea50d1cbac27 -> 
  custom:video-decoder-ogg-theora: a1e56fd34408186e4bbccfd4996cb3dc -> 
  custom:framework-win-MediaFoundation: 216162199b28c13a410421893ffa2e32 -> 
  custom:CustomObjectIndexerAttribute: 9a22284fe3817be447336de3de66b15e -> 
  custom:container-demuxer-webm: 4f35f7cbe854078d1ac9338744f61a02 -> 
  custom:container-muxer-webm: aa71ff27fc2769a1b78a27578f13a17b -> 
  custom:video-decoder-webm-vp8: 9c59270c3fd7afecdb556c50c9e8de78 -> 
  custom:SearchIndexIgnoredProperties: e643bd26f0fe6173181afceb89e7c659 -> 
  custom:scripting/monoscript/fileName/Logger.cs: 906ed31d9fb9866fa9130da31a84dfb1 -> 
  custom:AudioImporter_EditorPlatform: d09bf68614088b80899f8185d706f6e7 -> 
  custom:video-encoder-webm-vp8: eb34c28f22e8b96e1ab97ce403110664 -> 
  custom:audio-decoder-ogg-vorbis: bf7c407c2cedff20999df2af8eb42d56 -> 
  custom:audio-encoder-webm-vorbis: bf7c407c2cedff20999df2af8eb42d56 -> 
  custom:scripting/precompiled-assembly-types:Assembly-CSharp: 75a0f530c29b9de729e460229a7791fb -> 20cdaaa988618e7c32f4baf96f88c255
  custom:scripting/precompiled-assembly-types:Unity.Profiling.Core:  -> a336ccbc8b8eedc26954b35fd863eaec
  custom:scripting/precompiled-assembly-types:Unity.Notifications.Unified:  -> acfe9c264b5115af7d6929aa6a608e69
  custom:scripting/monoscript/fileName/AndroidLogcatConsoleWindow.cs:  -> 8abfcf0f3f6fe0b8c035b8828a556fee
  custom:scripting/precompiled-assembly-types:Unity.Notifications.iOS:  -> f0b5161cef7680ab922a0632cc852537
  custom:scripting/precompiled-assembly-types:Unity.Notifications.Android:  -> 9aa408928bc811d12c1ca9fe1a212ccd
  custom:scripting/precompiled-assembly-types:Unity.Notifications:  -> cfff12e36a20733b86fcb28a9746a270
  custom:scripting/precompiled-assembly-types:Unity.Mobile.AndroidLogcat.Editor:  -> d7d76d8c20c2071732287338102018b8
  custom:scripting/precompiled-assembly-types:Unity.AdaptivePerformance.UI.Editor:  -> 908f964c6ecafb877548f68a9449d641
  custom:scripting/precompiled-assembly-types:Unity.AdaptivePerformance.Profiler.Editor:  -> d175211299ac13ceae18940d7c139f1b
  custom:scripting/precompiled-assembly-types:Unity.AdaptivePerformance.Simulator.Editor:  -> c8f901e57ed7420952dbeb9964b7bea8
  custom:scripting/precompiled-assembly-types:Unity.Subsystem.Registration:  -> d277a39dc91ba107b2f9f0e00249ae0e
  custom:scripting/precompiled-assembly-types:Unity.AdaptivePerformance.Simulator.Extension:  -> b8be562c9560bbf2165033b96fcdac20
  custom:scripting/precompiled-assembly-types:Unity.AdaptivePerformance:  -> 196a4053981ad1333fe8cbdfe1c3440f
  custom:scripting/precompiled-assembly-types:Assembly-CSharp-Editor:  -> aca7125a3389c5f4127a11b74e5e93cb
  custom:scripting/precompiled-assembly-types:Unity.AdaptivePerformance.Editor:  -> 10b958660da57978956ec7799e5ada73
========================================================================
Received Prepare
Caller must complete domain reload
Begin MonoManager ReloadAssembly
- Loaded All Assemblies, in  0.830 seconds
Native extension for WindowsStandalone target not found
Native extension for iOS target not found
Native extension for Android target not found
Mono: successfully reloaded assembly
- Finished resetting the current domain, in  2.738 seconds
Domain Reload Profiling: 3561ms
	BeginReloadAssembly (215ms)
		ExecutionOrderSort (0ms)
		DisableScriptedObjects (6ms)
		BackupInstance (0ms)
		ReleaseScriptingObjects (0ms)
		CreateAndSetChildDomain (32ms)
	RebuildCommonClasses (42ms)
	RebuildNativeTypeToScriptingClass (15ms)
	initialDomainReloadingComplete (47ms)
	LoadAllAssembliesAndSetupDomain (505ms)
		LoadAssemblies (546ms)
		RebuildTransferFunctionScriptingTraits (0ms)
		AnalyzeDomain (99ms)
			TypeCache.Refresh (79ms)
				TypeCache.ScanAssembly (67ms)
			ScanForSourceGeneratedMonoScriptInfo (14ms)
			ResolveRequiredComponents (5ms)
	FinalizeReload (2738ms)
		ReleaseScriptCaches (0ms)
		RebuildScriptCaches (0ms)
		SetupLoadedEditorAssemblies (1969ms)
			LogAssemblyErrors (0ms)
			InitializePlatformSupportModulesInManaged (41ms)
			SetLoadedEditorAssemblies (6ms)
			RefreshPlugins (0ms)
			BeforeProcessingInitializeOnLoad (138ms)
			ProcessInitializeOnLoadAttributes (1741ms)
			ProcessInitializeOnLoadMethodAttributes (30ms)
			AfterProcessingInitializeOnLoad (12ms)
			EditorAssembliesLoaded (0ms)
		ExecutionOrderSort2 (0ms)
		AwakeInstancesAfterBackupRestoration (17ms)
Refreshing native plugins compatible for Editor in 6.51 ms, found 3 plugins.
Preloading 0 native plugins for Editor in 0.00 ms.
Unloading 3103 Unused Serialized files (Serialized files now loaded: 0)
Unloading 13 unused Assets / (28.0 KB). Loaded Objects now: 3703.
Memory consumption went from 122.5 MB to 122.5 MB.
Total: 3.158600 ms (FindLiveObjects: 0.268900 ms CreateObjectMapping: 0.092800 ms MarkObjects: 2.754200 ms  DeleteObjects: 0.041900 ms)

Prepare: number of updated asset objects reloaded= 0
AssetImportParameters requested are different than current active one (requested -> active):
  custom:container-demuxer-ogg: 62fdf1f143b41e24485cea50d1cbac27 -> 
  custom:video-decoder-ogg-theora: a1e56fd34408186e4bbccfd4996cb3dc -> 
  custom:framework-win-MediaFoundation: 216162199b28c13a410421893ffa2e32 -> 
  custom:CustomObjectIndexerAttribute: 9a22284fe3817be447336de3de66b15e -> 
  custom:container-demuxer-webm: 4f35f7cbe854078d1ac9338744f61a02 -> 
  custom:container-muxer-webm: aa71ff27fc2769a1b78a27578f13a17b -> 
  custom:video-decoder-webm-vp8: 9c59270c3fd7afecdb556c50c9e8de78 -> 
  custom:SearchIndexIgnoredProperties: e643bd26f0fe6173181afceb89e7c659 -> 
  custom:scripting/monoscript/fileName/Logger.cs: 906ed31d9fb9866fa9130da31a84dfb1 -> 
  custom:AudioImporter_EditorPlatform: d09bf68614088b80899f8185d706f6e7 -> 
  custom:video-encoder-webm-vp8: eb34c28f22e8b96e1ab97ce403110664 -> 
  custom:audio-decoder-ogg-vorbis: bf7c407c2cedff20999df2af8eb42d56 -> 
  custom:audio-encoder-webm-vorbis: bf7c407c2cedff20999df2af8eb42d56 -> 
  custom:scripting/precompiled-assembly-types:Assembly-CSharp: 75a0f530c29b9de729e460229a7791fb -> 20cdaaa988618e7c32f4baf96f88c255
  custom:scripting/precompiled-assembly-types:Unity.Profiling.Core:  -> a336ccbc8b8eedc26954b35fd863eaec
  custom:scripting/precompiled-assembly-types:Unity.Notifications.Unified:  -> acfe9c264b5115af7d6929aa6a608e69
  custom:scripting/monoscript/fileName/AndroidLogcatConsoleWindow.cs:  -> 8abfcf0f3f6fe0b8c035b8828a556fee
  custom:scripting/precompiled-assembly-types:Unity.Notifications.iOS:  -> f0b5161cef7680ab922a0632cc852537
  custom:scripting/precompiled-assembly-types:Unity.Notifications.Android:  -> 9aa408928bc811d12c1ca9fe1a212ccd
  custom:scripting/precompiled-assembly-types:Unity.Notifications:  -> cfff12e36a20733b86fcb28a9746a270
  custom:scripting/precompiled-assembly-types:Unity.Mobile.AndroidLogcat.Editor:  -> d7d76d8c20c2071732287338102018b8
  custom:scripting/precompiled-assembly-types:Unity.AdaptivePerformance.UI.Editor:  -> 908f964c6ecafb877548f68a9449d641
  custom:scripting/precompiled-assembly-types:Unity.AdaptivePerformance.Profiler.Editor:  -> d175211299ac13ceae18940d7c139f1b
  custom:scripting/precompiled-assembly-types:Unity.AdaptivePerformance.Simulator.Editor:  -> c8f901e57ed7420952dbeb9964b7bea8
  custom:scripting/precompiled-assembly-types:Unity.Subsystem.Registration:  -> d277a39dc91ba107b2f9f0e00249ae0e
  custom:scripting/precompiled-assembly-types:Unity.AdaptivePerformance.Simulator.Extension:  -> b8be562c9560bbf2165033b96fcdac20
  custom:scripting/precompiled-assembly-types:Unity.AdaptivePerformance:  -> 196a4053981ad1333fe8cbdfe1c3440f
  custom:scripting/precompiled-assembly-types:Assembly-CSharp-Editor:  -> aca7125a3389c5f4127a11b74e5e93cb
  custom:scripting/precompiled-assembly-types:Unity.AdaptivePerformance.Editor:  -> 10b958660da57978956ec7799e5ada73
========================================================================
Received Prepare
Caller must complete domain reload
Begin MonoManager ReloadAssembly
- Loaded All Assemblies, in  0.644 seconds
Native extension for WindowsStandalone target not found
Native extension for iOS target not found
Native extension for Android target not found
Mono: successfully reloaded assembly
- Finished resetting the current domain, in  3.056 seconds
Domain Reload Profiling: 3690ms
	BeginReloadAssembly (209ms)
		ExecutionOrderSort (0ms)
		DisableScriptedObjects (6ms)
		BackupInstance (0ms)
		ReleaseScriptingObjects (0ms)
		CreateAndSetChildDomain (34ms)
	RebuildCommonClasses (44ms)
	RebuildNativeTypeToScriptingClass (15ms)
	initialDomainReloadingComplete (60ms)
	LoadAllAssembliesAndSetupDomain (305ms)
		LoadAssemblies (419ms)
		RebuildTransferFunctionScriptingTraits (0ms)
		AnalyzeDomain (21ms)
			TypeCache.Refresh (7ms)
				TypeCache.ScanAssembly (0ms)
			ScanForSourceGeneratedMonoScriptInfo (8ms)
			ResolveRequiredComponents (6ms)
	FinalizeReload (3057ms)
		ReleaseScriptCaches (0ms)
		RebuildScriptCaches (0ms)
		SetupLoadedEditorAssemblies (1954ms)
			LogAssemblyErrors (0ms)
			InitializePlatformSupportModulesInManaged (55ms)
			SetLoadedEditorAssemblies (15ms)
			RefreshPlugins (0ms)
			BeforeProcessingInitializeOnLoad (249ms)
			ProcessInitializeOnLoadAttributes (1593ms)
			ProcessInitializeOnLoadMethodAttributes (29ms)
			AfterProcessingInitializeOnLoad (12ms)
			EditorAssembliesLoaded (0ms)
		ExecutionOrderSort2 (0ms)
		AwakeInstancesAfterBackupRestoration (11ms)
Refreshing native plugins compatible for Editor in 9.05 ms, found 3 plugins.
Preloading 0 native plugins for Editor in 0.00 ms.
Unloading 3103 Unused Serialized files (Serialized files now loaded: 0)
Unloading 13 unused Assets / (28.0 KB). Loaded Objects now: 3707.
Memory consumption went from 122.5 MB to 122.5 MB.
Total: 2.760100 ms (FindLiveObjects: 0.265300 ms CreateObjectMapping: 0.107500 ms MarkObjects: 2.347800 ms  DeleteObjects: 0.038600 ms)

Prepare: number of updated asset objects reloaded= 0
AssetImportParameters requested are different than current active one (requested -> active):
  custom:container-demuxer-ogg: 62fdf1f143b41e24485cea50d1cbac27 -> 
  custom:video-decoder-ogg-theora: a1e56fd34408186e4bbccfd4996cb3dc -> 
  custom:framework-win-MediaFoundation: 216162199b28c13a410421893ffa2e32 -> 
  custom:CustomObjectIndexerAttribute: 9a22284fe3817be447336de3de66b15e -> 
  custom:container-demuxer-webm: 4f35f7cbe854078d1ac9338744f61a02 -> 
  custom:container-muxer-webm: aa71ff27fc2769a1b78a27578f13a17b -> 
  custom:video-decoder-webm-vp8: 9c59270c3fd7afecdb556c50c9e8de78 -> 
  custom:SearchIndexIgnoredProperties: e643bd26f0fe6173181afceb89e7c659 -> 
  custom:scripting/monoscript/fileName/Logger.cs: 906ed31d9fb9866fa9130da31a84dfb1 -> 
  custom:AudioImporter_EditorPlatform: d09bf68614088b80899f8185d706f6e7 -> 
  custom:video-encoder-webm-vp8: eb34c28f22e8b96e1ab97ce403110664 -> 
  custom:audio-decoder-ogg-vorbis: bf7c407c2cedff20999df2af8eb42d56 -> 
  custom:audio-encoder-webm-vorbis: bf7c407c2cedff20999df2af8eb42d56 -> 
  custom:scripting/precompiled-assembly-types:Assembly-CSharp: 75a0f530c29b9de729e460229a7791fb -> 20cdaaa988618e7c32f4baf96f88c255
  custom:scripting/precompiled-assembly-types:Unity.Profiling.Core:  -> a336ccbc8b8eedc26954b35fd863eaec
  custom:scripting/precompiled-assembly-types:Unity.Notifications.Unified:  -> acfe9c264b5115af7d6929aa6a608e69
  custom:scripting/monoscript/fileName/AndroidLogcatConsoleWindow.cs:  -> 8abfcf0f3f6fe0b8c035b8828a556fee
  custom:scripting/precompiled-assembly-types:Unity.Notifications.iOS:  -> f0b5161cef7680ab922a0632cc852537
  custom:scripting/precompiled-assembly-types:Unity.Notifications.Android:  -> 9aa408928bc811d12c1ca9fe1a212ccd
  custom:scripting/precompiled-assembly-types:Unity.Notifications:  -> cfff12e36a20733b86fcb28a9746a270
  custom:scripting/precompiled-assembly-types:Unity.Mobile.AndroidLogcat.Editor:  -> d7d76d8c20c2071732287338102018b8
  custom:scripting/precompiled-assembly-types:Unity.AdaptivePerformance.UI.Editor:  -> 908f964c6ecafb877548f68a9449d641
  custom:scripting/precompiled-assembly-types:Unity.AdaptivePerformance.Profiler.Editor:  -> d175211299ac13ceae18940d7c139f1b
  custom:scripting/precompiled-assembly-types:Unity.AdaptivePerformance.Simulator.Editor:  -> c8f901e57ed7420952dbeb9964b7bea8
  custom:scripting/precompiled-assembly-types:Unity.Subsystem.Registration:  -> d277a39dc91ba107b2f9f0e00249ae0e
  custom:scripting/precompiled-assembly-types:Unity.AdaptivePerformance.Simulator.Extension:  -> b8be562c9560bbf2165033b96fcdac20
  custom:scripting/precompiled-assembly-types:Unity.AdaptivePerformance:  -> 196a4053981ad1333fe8cbdfe1c3440f
  custom:scripting/precompiled-assembly-types:Assembly-CSharp-Editor:  -> aca7125a3389c5f4127a11b74e5e93cb
  custom:scripting/precompiled-assembly-types:Unity.AdaptivePerformance.Editor:  -> 10b958660da57978956ec7799e5ada73
========================================================================
Received Prepare
Caller must complete domain reload
Begin MonoManager ReloadAssembly
- Loaded All Assemblies, in  0.568 seconds
Native extension for WindowsStandalone target not found
Native extension for iOS target not found
Native extension for Android target not found
Mono: successfully reloaded assembly
- Finished resetting the current domain, in  1.369 seconds
Domain Reload Profiling: 1931ms
	BeginReloadAssembly (182ms)
		ExecutionOrderSort (0ms)
		DisableScriptedObjects (7ms)
		BackupInstance (0ms)
		ReleaseScriptingObjects (0ms)
		CreateAndSetChildDomain (30ms)
	RebuildCommonClasses (37ms)
	RebuildNativeTypeToScriptingClass (15ms)
	initialDomainReloadingComplete (35ms)
	LoadAllAssembliesAndSetupDomain (292ms)
		LoadAssemblies (382ms)
		RebuildTransferFunctionScriptingTraits (0ms)
		AnalyzeDomain (21ms)
			TypeCache.Refresh (7ms)
				TypeCache.ScanAssembly (0ms)
			ScanForSourceGeneratedMonoScriptInfo (6ms)
			ResolveRequiredComponents (7ms)
	FinalizeReload (1370ms)
		ReleaseScriptCaches (0ms)
		RebuildScriptCaches (0ms)
		SetupLoadedEditorAssemblies (640ms)
			LogAssemblyErrors (0ms)
			InitializePlatformSupportModulesInManaged (36ms)
			SetLoadedEditorAssemblies (6ms)
			RefreshPlugins (0ms)
			BeforeProcessingInitializeOnLoad (129ms)
			ProcessInitializeOnLoadAttributes (437ms)
			ProcessInitializeOnLoadMethodAttributes (21ms)
			AfterProcessingInitializeOnLoad (11ms)
			EditorAssembliesLoaded (0ms)
		ExecutionOrderSort2 (0ms)
		AwakeInstancesAfterBackupRestoration (12ms)
Refreshing native plugins compatible for Editor in 9.71 ms, found 3 plugins.
Preloading 0 native plugins for Editor in 0.00 ms.
Unloading 3104 Unused Serialized files (Serialized files now loaded: 0)
Unloading 13 unused Assets / (28.1 KB). Loaded Objects now: 3712.
Memory consumption went from 122.5 MB to 122.5 MB.
Total: 3.041100 ms (FindLiveObjects: 0.296100 ms CreateObjectMapping: 0.100200 ms MarkObjects: 2.599200 ms  DeleteObjects: 0.044400 ms)

Prepare: number of updated asset objects reloaded= 0
AssetImportParameters requested are different than current active one (requested -> active):
  custom:container-demuxer-ogg: 62fdf1f143b41e24485cea50d1cbac27 -> 
  custom:video-decoder-ogg-theora: a1e56fd34408186e4bbccfd4996cb3dc -> 
  custom:framework-win-MediaFoundation: 216162199b28c13a410421893ffa2e32 -> 
  custom:CustomObjectIndexerAttribute: 9a22284fe3817be447336de3de66b15e -> 
  custom:container-demuxer-webm: 4f35f7cbe854078d1ac9338744f61a02 -> 
  custom:scripting/monoscript/fileName/SingletonBehaviour.cs: 5f5b9fd296e1ac7bb435f1050710705a -> 
  custom:container-muxer-webm: aa71ff27fc2769a1b78a27578f13a17b -> 
  custom:video-decoder-webm-vp8: 9c59270c3fd7afecdb556c50c9e8de78 -> 
  custom:SearchIndexIgnoredProperties: e643bd26f0fe6173181afceb89e7c659 -> 
  custom:scripting/monoscript/fileName/Logger.cs: 906ed31d9fb9866fa9130da31a84dfb1 -> 
  custom:AudioImporter_EditorPlatform: d09bf68614088b80899f8185d706f6e7 -> 
  custom:video-encoder-webm-vp8: eb34c28f22e8b96e1ab97ce403110664 -> 
  custom:audio-decoder-ogg-vorbis: bf7c407c2cedff20999df2af8eb42d56 -> 
  custom:audio-encoder-webm-vorbis: bf7c407c2cedff20999df2af8eb42d56 -> 
  custom:scripting/precompiled-assembly-types:Assembly-CSharp: ac6b70b55054d98eba94b81bd5d4d0ff -> 20cdaaa988618e7c32f4baf96f88c255
  custom:scripting/precompiled-assembly-types:Unity.Profiling.Core:  -> a336ccbc8b8eedc26954b35fd863eaec
  custom:scripting/precompiled-assembly-types:Unity.Notifications.Unified:  -> acfe9c264b5115af7d6929aa6a608e69
  custom:scripting/monoscript/fileName/AndroidLogcatConsoleWindow.cs:  -> 8abfcf0f3f6fe0b8c035b8828a556fee
  custom:scripting/precompiled-assembly-types:Unity.Notifications.iOS:  -> f0b5161cef7680ab922a0632cc852537
  custom:scripting/precompiled-assembly-types:Unity.Notifications.Android:  -> 9aa408928bc811d12c1ca9fe1a212ccd
  custom:scripting/precompiled-assembly-types:Unity.Notifications:  -> cfff12e36a20733b86fcb28a9746a270
  custom:scripting/precompiled-assembly-types:Unity.Mobile.AndroidLogcat.Editor:  -> d7d76d8c20c2071732287338102018b8
  custom:scripting/precompiled-assembly-types:Unity.AdaptivePerformance.UI.Editor:  -> 908f964c6ecafb877548f68a9449d641
  custom:scripting/precompiled-assembly-types:Unity.AdaptivePerformance.Profiler.Editor:  -> d175211299ac13ceae18940d7c139f1b
  custom:scripting/precompiled-assembly-types:Unity.AdaptivePerformance.Simulator.Editor:  -> c8f901e57ed7420952dbeb9964b7bea8
  custom:scripting/precompiled-assembly-types:Unity.Subsystem.Registration:  -> d277a39dc91ba107b2f9f0e00249ae0e
  custom:scripting/precompiled-assembly-types:Unity.AdaptivePerformance.Simulator.Extension:  -> b8be562c9560bbf2165033b96fcdac20
  custom:scripting/precompiled-assembly-types:Unity.AdaptivePerformance:  -> 196a4053981ad1333fe8cbdfe1c3440f
  custom:scripting/precompiled-assembly-types:Assembly-CSharp-Editor:  -> aca7125a3389c5f4127a11b74e5e93cb
  custom:scripting/precompiled-assembly-types:Unity.AdaptivePerformance.Editor:  -> 10b958660da57978956ec7799e5ada73
========================================================================
Received Prepare
Caller must complete domain reload
Begin MonoManager ReloadAssembly
- Loaded All Assemblies, in  0.595 seconds
Native extension for WindowsStandalone target not found
Native extension for iOS target not found
Native extension for Android target not found
Mono: successfully reloaded assembly
- Finished resetting the current domain, in  1.322 seconds
Domain Reload Profiling: 1912ms
	BeginReloadAssembly (173ms)
		ExecutionOrderSort (0ms)
		DisableScriptedObjects (6ms)
		BackupInstance (0ms)
		ReleaseScriptingObjects (0ms)
		CreateAndSetChildDomain (31ms)
	RebuildCommonClasses (38ms)
	RebuildNativeTypeToScriptingClass (12ms)
	initialDomainReloadingComplete (38ms)
	LoadAllAssembliesAndSetupDomain (330ms)
		LoadAssemblies (409ms)
		RebuildTransferFunctionScriptingTraits (0ms)
		AnalyzeDomain (25ms)
			TypeCache.Refresh (9ms)
				TypeCache.ScanAssembly (0ms)
			ScanForSourceGeneratedMonoScriptInfo (8ms)
			ResolveRequiredComponents (7ms)
	FinalizeReload (1322ms)
		ReleaseScriptCaches (0ms)
		RebuildScriptCaches (0ms)
		SetupLoadedEditorAssemblies (585ms)
			LogAssemblyErrors (0ms)
			InitializePlatformSupportModulesInManaged (37ms)
			SetLoadedEditorAssemblies (6ms)
			RefreshPlugins (0ms)
			BeforeProcessingInitializeOnLoad (126ms)
			ProcessInitializeOnLoadAttributes (381ms)
			ProcessInitializeOnLoadMethodAttributes (22ms)
			AfterProcessingInitializeOnLoad (13ms)
			EditorAssembliesLoaded (0ms)
		ExecutionOrderSort2 (0ms)
		AwakeInstancesAfterBackupRestoration (12ms)
Refreshing native plugins compatible for Editor in 8.58 ms, found 3 plugins.
Preloading 0 native plugins for Editor in 0.00 ms.
Unloading 3104 Unused Serialized files (Serialized files now loaded: 0)
Unloading 13 unused Assets / (28.1 KB). Loaded Objects now: 3716.
Memory consumption went from 122.5 MB to 122.5 MB.
Total: 2.783200 ms (FindLiveObjects: 0.335400 ms CreateObjectMapping: 0.090500 ms MarkObjects: 2.316900 ms  DeleteObjects: 0.039600 ms)

Prepare: number of updated asset objects reloaded= 0
AssetImportParameters requested are different than current active one (requested -> active):
  custom:container-demuxer-ogg: 62fdf1f143b41e24485cea50d1cbac27 -> 
  custom:video-decoder-ogg-theora: a1e56fd34408186e4bbccfd4996cb3dc -> 
  custom:framework-win-MediaFoundation: 216162199b28c13a410421893ffa2e32 -> 
  custom:CustomObjectIndexerAttribute: 9a22284fe3817be447336de3de66b15e -> 
  custom:container-demuxer-webm: 4f35f7cbe854078d1ac9338744f61a02 -> 
  custom:scripting/monoscript/fileName/SingletonBehaviour.cs: 5f5b9fd296e1ac7bb435f1050710705a -> 
  custom:container-muxer-webm: aa71ff27fc2769a1b78a27578f13a17b -> 
  custom:video-decoder-webm-vp8: 9c59270c3fd7afecdb556c50c9e8de78 -> 
  custom:SearchIndexIgnoredProperties: e643bd26f0fe6173181afceb89e7c659 -> 
  custom:scripting/monoscript/fileName/Logger.cs: 906ed31d9fb9866fa9130da31a84dfb1 -> 
  custom:AudioImporter_EditorPlatform: d09bf68614088b80899f8185d706f6e7 -> 
  custom:video-encoder-webm-vp8: eb34c28f22e8b96e1ab97ce403110664 -> 
  custom:audio-decoder-ogg-vorbis: bf7c407c2cedff20999df2af8eb42d56 -> 
  custom:audio-encoder-webm-vorbis: bf7c407c2cedff20999df2af8eb42d56 -> 
  custom:scripting/precompiled-assembly-types:Assembly-CSharp: 3315f48e62014b40629f15254db5a6d0 -> 20cdaaa988618e7c32f4baf96f88c255
  custom:scripting/precompiled-assembly-types:Unity.Profiling.Core:  -> a336ccbc8b8eedc26954b35fd863eaec
  custom:scripting/precompiled-assembly-types:Unity.Notifications.Unified:  -> acfe9c264b5115af7d6929aa6a608e69
  custom:scripting/monoscript/fileName/AndroidLogcatConsoleWindow.cs:  -> 8abfcf0f3f6fe0b8c035b8828a556fee
  custom:scripting/precompiled-assembly-types:Unity.Notifications.iOS:  -> f0b5161cef7680ab922a0632cc852537
  custom:scripting/precompiled-assembly-types:Unity.Notifications.Android:  -> 9aa408928bc811d12c1ca9fe1a212ccd
  custom:scripting/precompiled-assembly-types:Unity.Notifications:  -> cfff12e36a20733b86fcb28a9746a270
  custom:scripting/precompiled-assembly-types:Unity.Mobile.AndroidLogcat.Editor:  -> d7d76d8c20c2071732287338102018b8
  custom:scripting/precompiled-assembly-types:Unity.AdaptivePerformance.UI.Editor:  -> 908f964c6ecafb877548f68a9449d641
  custom:scripting/precompiled-assembly-types:Unity.AdaptivePerformance.Profiler.Editor:  -> d175211299ac13ceae18940d7c139f1b
  custom:scripting/precompiled-assembly-types:Unity.AdaptivePerformance.Simulator.Editor:  -> c8f901e57ed7420952dbeb9964b7bea8
  custom:scripting/precompiled-assembly-types:Unity.Subsystem.Registration:  -> d277a39dc91ba107b2f9f0e00249ae0e
  custom:scripting/precompiled-assembly-types:Unity.AdaptivePerformance.Simulator.Extension:  -> b8be562c9560bbf2165033b96fcdac20
  custom:scripting/precompiled-assembly-types:Unity.AdaptivePerformance:  -> 196a4053981ad1333fe8cbdfe1c3440f
  custom:scripting/precompiled-assembly-types:Assembly-CSharp-Editor:  -> aca7125a3389c5f4127a11b74e5e93cb
  custom:scripting/precompiled-assembly-types:Unity.AdaptivePerformance.Editor:  -> 10b958660da57978956ec7799e5ada73
========================================================================
Received Prepare
Caller must complete domain reload
Begin MonoManager ReloadAssembly
- Loaded All Assemblies, in  0.617 seconds
Native extension for WindowsStandalone target not found
Native extension for iOS target not found
Native extension for Android target not found
Mono: successfully reloaded assembly
- Finished resetting the current domain, in  2.826 seconds
Domain Reload Profiling: 3432ms
	BeginReloadAssembly (188ms)
		ExecutionOrderSort (0ms)
		DisableScriptedObjects (8ms)
		BackupInstance (0ms)
		ReleaseScriptingObjects (0ms)
		CreateAndSetChildDomain (31ms)
	RebuildCommonClasses (42ms)
	RebuildNativeTypeToScriptingClass (14ms)
	initialDomainReloadingComplete (44ms)
	LoadAllAssembliesAndSetupDomain (318ms)
		LoadAssemblies (403ms)
		RebuildTransferFunctionScriptingTraits (0ms)
		AnalyzeDomain (31ms)
			TypeCache.Refresh (12ms)
				TypeCache.ScanAssembly (0ms)
			ScanForSourceGeneratedMonoScriptInfo (10ms)
			ResolveRequiredComponents (8ms)
	FinalizeReload (2826ms)
		ReleaseScriptCaches (0ms)
		RebuildScriptCaches (0ms)
		SetupLoadedEditorAssemblies (872ms)
			LogAssemblyErrors (0ms)
			InitializePlatformSupportModulesInManaged (103ms)
			SetLoadedEditorAssemblies (9ms)
			RefreshPlugins (0ms)
			BeforeProcessingInitializeOnLoad (243ms)
			ProcessInitializeOnLoadAttributes (454ms)
			ProcessInitializeOnLoadMethodAttributes (45ms)
			AfterProcessingInitializeOnLoad (19ms)
			EditorAssembliesLoaded (0ms)
		ExecutionOrderSort2 (0ms)
		AwakeInstancesAfterBackupRestoration (23ms)
Refreshing native plugins compatible for Editor in 12.00 ms, found 3 plugins.
Preloading 0 native plugins for Editor in 0.00 ms.
Unloading 3105 Unused Serialized files (Serialized files now loaded: 0)
Unloading 13 unused Assets / (28.0 KB). Loaded Objects now: 3721.
Memory consumption went from 122.6 MB to 122.5 MB.
Total: 3.289400 ms (FindLiveObjects: 0.336900 ms CreateObjectMapping: 0.101000 ms MarkObjects: 2.810900 ms  DeleteObjects: 0.039800 ms)

Prepare: number of updated asset objects reloaded= 0
AssetImportParameters requested are different than current active one (requested -> active):
  custom:container-demuxer-ogg: 62fdf1f143b41e24485cea50d1cbac27 -> 
  custom:video-decoder-ogg-theora: a1e56fd34408186e4bbccfd4996cb3dc -> 
  custom:framework-win-MediaFoundation: 216162199b28c13a410421893ffa2e32 -> 
  custom:CustomObjectIndexerAttribute: 9a22284fe3817be447336de3de66b15e -> 
  custom:container-demuxer-webm: 4f35f7cbe854078d1ac9338744f61a02 -> 
  custom:scripting/monoscript/fileName/SingletonBehaviour.cs: 5f5b9fd296e1ac7bb435f1050710705a -> 
  custom:container-muxer-webm: aa71ff27fc2769a1b78a27578f13a17b -> 
  custom:video-decoder-webm-vp8: 9c59270c3fd7afecdb556c50c9e8de78 -> 
  custom:SearchIndexIgnoredProperties: e643bd26f0fe6173181afceb89e7c659 -> 
  custom:scripting/monoscript/fileName/Logger.cs: 906ed31d9fb9866fa9130da31a84dfb1 -> 
  custom:AudioImporter_EditorPlatform: d09bf68614088b80899f8185d706f6e7 -> 
  custom:video-encoder-webm-vp8: eb34c28f22e8b96e1ab97ce403110664 -> 
  custom:audio-decoder-ogg-vorbis: bf7c407c2cedff20999df2af8eb42d56 -> 
  custom:audio-encoder-webm-vorbis: bf7c407c2cedff20999df2af8eb42d56 -> 
  custom:scripting/monoscript/fileName/SceneLoader.cs: 5c0816849d186432ffce5e360c37577f -> 
  custom:scripting/precompiled-assembly-types:Assembly-CSharp: 764466cbcdfaa1fa0bfdd6c8daba5dae -> 20cdaaa988618e7c32f4baf96f88c255
  custom:scripting/precompiled-assembly-types:Unity.Profiling.Core:  -> a336ccbc8b8eedc26954b35fd863eaec
  custom:scripting/precompiled-assembly-types:Unity.Notifications.Unified:  -> acfe9c264b5115af7d6929aa6a608e69
  custom:scripting/monoscript/fileName/AndroidLogcatConsoleWindow.cs:  -> 8abfcf0f3f6fe0b8c035b8828a556fee
  custom:scripting/precompiled-assembly-types:Unity.Notifications.iOS:  -> f0b5161cef7680ab922a0632cc852537
  custom:scripting/precompiled-assembly-types:Unity.Notifications.Android:  -> 9aa408928bc811d12c1ca9fe1a212ccd
  custom:scripting/precompiled-assembly-types:Unity.Notifications:  -> cfff12e36a20733b86fcb28a9746a270
  custom:scripting/precompiled-assembly-types:Unity.Mobile.AndroidLogcat.Editor:  -> d7d76d8c20c2071732287338102018b8
  custom:scripting/precompiled-assembly-types:Unity.AdaptivePerformance.UI.Editor:  -> 908f964c6ecafb877548f68a9449d641
  custom:scripting/precompiled-assembly-types:Unity.AdaptivePerformance.Profiler.Editor:  -> d175211299ac13ceae18940d7c139f1b
  custom:scripting/precompiled-assembly-types:Unity.AdaptivePerformance.Simulator.Editor:  -> c8f901e57ed7420952dbeb9964b7bea8
  custom:scripting/precompiled-assembly-types:Unity.Subsystem.Registration:  -> d277a39dc91ba107b2f9f0e00249ae0e
  custom:scripting/precompiled-assembly-types:Unity.AdaptivePerformance.Simulator.Extension:  -> b8be562c9560bbf2165033b96fcdac20
  custom:scripting/precompiled-assembly-types:Unity.AdaptivePerformance:  -> 196a4053981ad1333fe8cbdfe1c3440f
  custom:scripting/precompiled-assembly-types:Assembly-CSharp-Editor:  -> aca7125a3389c5f4127a11b74e5e93cb
  custom:scripting/precompiled-assembly-types:Unity.AdaptivePerformance.Editor:  -> 10b958660da57978956ec7799e5ada73
========================================================================
Received Prepare
Caller must complete domain reload
Begin MonoManager ReloadAssembly
- Loaded All Assemblies, in  0.575 seconds
Native extension for WindowsStandalone target not found
Native extension for iOS target not found
Native extension for Android target not found
Mono: successfully reloaded assembly
- Finished resetting the current domain, in  1.684 seconds
Domain Reload Profiling: 2254ms
	BeginReloadAssembly (182ms)
		ExecutionOrderSort (0ms)
		DisableScriptedObjects (6ms)
		BackupInstance (0ms)
		ReleaseScriptingObjects (0ms)
		CreateAndSetChildDomain (32ms)
	RebuildCommonClasses (40ms)
	RebuildNativeTypeToScriptingClass (13ms)
	initialDomainReloadingComplete (37ms)
	LoadAllAssembliesAndSetupDomain (296ms)
		LoadAssemblies (384ms)
		RebuildTransferFunctionScriptingTraits (0ms)
		AnalyzeDomain (20ms)
			TypeCache.Refresh (7ms)
				TypeCache.ScanAssembly (0ms)
			ScanForSourceGeneratedMonoScriptInfo (7ms)
			ResolveRequiredComponents (5ms)
	FinalizeReload (1685ms)
		ReleaseScriptCaches (0ms)
		RebuildScriptCaches (0ms)
		SetupLoadedEditorAssemblies (776ms)
			LogAssemblyErrors (0ms)
			InitializePlatformSupportModulesInManaged (42ms)
			SetLoadedEditorAssemblies (7ms)
			RefreshPlugins (0ms)
			BeforeProcessingInitializeOnLoad (139ms)
			ProcessInitializeOnLoadAttributes (542ms)
			ProcessInitializeOnLoadMethodAttributes (29ms)
			AfterProcessingInitializeOnLoad (17ms)
			EditorAssembliesLoaded (0ms)
		ExecutionOrderSort2 (0ms)
		AwakeInstancesAfterBackupRestoration (12ms)
Refreshing native plugins compatible for Editor in 6.42 ms, found 3 plugins.
Preloading 0 native plugins for Editor in 0.00 ms.
Unloading 3105 Unused Serialized files (Serialized files now loaded: 0)
Unloading 13 unused Assets / (28.1 KB). Loaded Objects now: 3725.
Memory consumption went from 122.6 MB to 122.5 MB.
Total: 4.190900 ms (FindLiveObjects: 0.265400 ms CreateObjectMapping: 1.172500 ms MarkObjects: 2.705800 ms  DeleteObjects: 0.046100 ms)

Prepare: number of updated asset objects reloaded= 0
AssetImportParameters requested are different than current active one (requested -> active):
  custom:container-demuxer-ogg: 62fdf1f143b41e24485cea50d1cbac27 -> 
  custom:video-decoder-ogg-theora: a1e56fd34408186e4bbccfd4996cb3dc -> 
  custom:framework-win-MediaFoundation: 216162199b28c13a410421893ffa2e32 -> 
  custom:CustomObjectIndexerAttribute: 9a22284fe3817be447336de3de66b15e -> 
  custom:container-demuxer-webm: 4f35f7cbe854078d1ac9338744f61a02 -> 
  custom:scripting/monoscript/fileName/SingletonBehaviour.cs: 5f5b9fd296e1ac7bb435f1050710705a -> 
  custom:container-muxer-webm: aa71ff27fc2769a1b78a27578f13a17b -> 
  custom:video-decoder-webm-vp8: 9c59270c3fd7afecdb556c50c9e8de78 -> 
  custom:SearchIndexIgnoredProperties: e643bd26f0fe6173181afceb89e7c659 -> 
  custom:scripting/monoscript/fileName/Logger.cs: 906ed31d9fb9866fa9130da31a84dfb1 -> 
  custom:AudioImporter_EditorPlatform: d09bf68614088b80899f8185d706f6e7 -> 
  custom:video-encoder-webm-vp8: eb34c28f22e8b96e1ab97ce403110664 -> 
  custom:audio-decoder-ogg-vorbis: bf7c407c2cedff20999df2af8eb42d56 -> 
  custom:audio-encoder-webm-vorbis: bf7c407c2cedff20999df2af8eb42d56 -> 
  custom:scripting/monoscript/fileName/SceneLoader.cs: 5c0816849d186432ffce5e360c37577f -> 
  custom:scripting/precompiled-assembly-types:Assembly-CSharp: 06fe919b31b1bf8550944b28f7620cc5 -> 20cdaaa988618e7c32f4baf96f88c255
  custom:scripting/precompiled-assembly-types:Unity.Profiling.Core:  -> a336ccbc8b8eedc26954b35fd863eaec
  custom:scripting/precompiled-assembly-types:Unity.Notifications.Unified:  -> acfe9c264b5115af7d6929aa6a608e69
  custom:scripting/monoscript/fileName/AndroidLogcatConsoleWindow.cs:  -> 8abfcf0f3f6fe0b8c035b8828a556fee
  custom:scripting/precompiled-assembly-types:Unity.Notifications.iOS:  -> f0b5161cef7680ab922a0632cc852537
  custom:scripting/precompiled-assembly-types:Unity.Notifications.Android:  -> 9aa408928bc811d12c1ca9fe1a212ccd
  custom:scripting/precompiled-assembly-types:Unity.Notifications:  -> cfff12e36a20733b86fcb28a9746a270
  custom:scripting/precompiled-assembly-types:Unity.Mobile.AndroidLogcat.Editor:  -> d7d76d8c20c2071732287338102018b8
  custom:scripting/precompiled-assembly-types:Unity.AdaptivePerformance.UI.Editor:  -> 908f964c6ecafb877548f68a9449d641
  custom:scripting/precompiled-assembly-types:Unity.AdaptivePerformance.Profiler.Editor:  -> d175211299ac13ceae18940d7c139f1b
  custom:scripting/precompiled-assembly-types:Unity.AdaptivePerformance.Simulator.Editor:  -> c8f901e57ed7420952dbeb9964b7bea8
  custom:scripting/precompiled-assembly-types:Unity.Subsystem.Registration:  -> d277a39dc91ba107b2f9f0e00249ae0e
  custom:scripting/precompiled-assembly-types:Unity.AdaptivePerformance.Simulator.Extension:  -> b8be562c9560bbf2165033b96fcdac20
  custom:scripting/precompiled-assembly-types:Unity.AdaptivePerformance:  -> 196a4053981ad1333fe8cbdfe1c3440f
  custom:scripting/precompiled-assembly-types:Assembly-CSharp-Editor:  -> aca7125a3389c5f4127a11b74e5e93cb
  custom:scripting/precompiled-assembly-types:Unity.AdaptivePerformance.Editor:  -> 10b958660da57978956ec7799e5ada73
========================================================================
Received Prepare
Caller must complete domain reload
Begin MonoManager ReloadAssembly
- Loaded All Assemblies, in  0.548 seconds
Native extension for WindowsStandalone target not found
Native extension for iOS target not found
Native extension for Android target not found
Mono: successfully reloaded assembly
- Finished resetting the current domain, in  1.588 seconds
Domain Reload Profiling: 2130ms
	BeginReloadAssembly (173ms)
		ExecutionOrderSort (0ms)
		DisableScriptedObjects (6ms)
		BackupInstance (0ms)
		ReleaseScriptingObjects (0ms)
		CreateAndSetChildDomain (29ms)
	RebuildCommonClasses (36ms)
	RebuildNativeTypeToScriptingClass (12ms)
	initialDomainReloadingComplete (37ms)
	LoadAllAssembliesAndSetupDomain (283ms)
		LoadAssemblies (362ms)
		RebuildTransferFunctionScriptingTraits (0ms)
		AnalyzeDomain (24ms)
			TypeCache.Refresh (8ms)
				TypeCache.ScanAssembly (0ms)
			ScanForSourceGeneratedMonoScriptInfo (8ms)
			ResolveRequiredComponents (7ms)
	FinalizeReload (1589ms)
		ReleaseScriptCaches (0ms)
		RebuildScriptCaches (0ms)
		SetupLoadedEditorAssemblies (754ms)
			LogAssemblyErrors (0ms)
			InitializePlatformSupportModulesInManaged (63ms)
			SetLoadedEditorAssemblies (7ms)
			RefreshPlugins (0ms)
			BeforeProcessingInitializeOnLoad (139ms)
			ProcessInitializeOnLoadAttributes (507ms)
			ProcessInitializeOnLoadMethodAttributes (25ms)
			AfterProcessingInitializeOnLoad (11ms)
			EditorAssembliesLoaded (0ms)
		ExecutionOrderSort2 (0ms)
		AwakeInstancesAfterBackupRestoration (14ms)
Refreshing native plugins compatible for Editor in 31.45 ms, found 3 plugins.
Preloading 0 native plugins for Editor in 0.00 ms.
Unloading 3105 Unused Serialized files (Serialized files now loaded: 0)
Unloading 13 unused Assets / (28.0 KB). Loaded Objects now: 3729.
Memory consumption went from 122.6 MB to 122.5 MB.
Total: 3.558400 ms (FindLiveObjects: 0.429900 ms CreateObjectMapping: 0.092700 ms MarkObjects: 2.993900 ms  DeleteObjects: 0.041100 ms)

Prepare: number of updated asset objects reloaded= 0
AssetImportParameters requested are different than current active one (requested -> active):
  custom:container-demuxer-ogg: 62fdf1f143b41e24485cea50d1cbac27 -> 
  custom:video-decoder-ogg-theora: a1e56fd34408186e4bbccfd4996cb3dc -> 
  custom:framework-win-MediaFoundation: 216162199b28c13a410421893ffa2e32 -> 
  custom:CustomObjectIndexerAttribute: 9a22284fe3817be447336de3de66b15e -> 
  custom:container-demuxer-webm: 4f35f7cbe854078d1ac9338744f61a02 -> 
  custom:scripting/monoscript/fileName/SingletonBehaviour.cs: 5f5b9fd296e1ac7bb435f1050710705a -> 
  custom:container-muxer-webm: aa71ff27fc2769a1b78a27578f13a17b -> 
  custom:video-decoder-webm-vp8: 9c59270c3fd7afecdb556c50c9e8de78 -> 
  custom:SearchIndexIgnoredProperties: e643bd26f0fe6173181afceb89e7c659 -> 
  custom:scripting/monoscript/fileName/Logger.cs: 906ed31d9fb9866fa9130da31a84dfb1 -> 
  custom:AudioImporter_EditorPlatform: d09bf68614088b80899f8185d706f6e7 -> 
  custom:video-encoder-webm-vp8: eb34c28f22e8b96e1ab97ce403110664 -> 
  custom:audio-decoder-ogg-vorbis: bf7c407c2cedff20999df2af8eb42d56 -> 
  custom:audio-encoder-webm-vorbis: bf7c407c2cedff20999df2af8eb42d56 -> 
  custom:scripting/monoscript/fileName/SceneLoader.cs: 5c0816849d186432ffce5e360c37577f -> 
  custom:scripting/precompiled-assembly-types:Assembly-CSharp: 06fe919b31b1bf8550944b28f7620cc5 -> 20cdaaa988618e7c32f4baf96f88c255
  custom:scripting/precompiled-assembly-types:Unity.Profiling.Core:  -> a336ccbc8b8eedc26954b35fd863eaec
  custom:scripting/precompiled-assembly-types:Unity.Notifications.Unified:  -> acfe9c264b5115af7d6929aa6a608e69
  custom:scripting/monoscript/fileName/AndroidLogcatConsoleWindow.cs:  -> 8abfcf0f3f6fe0b8c035b8828a556fee
  custom:scripting/precompiled-assembly-types:Unity.Notifications.iOS:  -> f0b5161cef7680ab922a0632cc852537
  custom:scripting/precompiled-assembly-types:Unity.Notifications.Android:  -> 9aa408928bc811d12c1ca9fe1a212ccd
  custom:scripting/precompiled-assembly-types:Unity.Notifications:  -> cfff12e36a20733b86fcb28a9746a270
  custom:scripting/precompiled-assembly-types:Unity.Mobile.AndroidLogcat.Editor:  -> d7d76d8c20c2071732287338102018b8
  custom:scripting/precompiled-assembly-types:Unity.AdaptivePerformance.UI.Editor:  -> 908f964c6ecafb877548f68a9449d641
  custom:scripting/precompiled-assembly-types:Unity.AdaptivePerformance.Profiler.Editor:  -> d175211299ac13ceae18940d7c139f1b
  custom:scripting/precompiled-assembly-types:Unity.AdaptivePerformance.Simulator.Editor:  -> c8f901e57ed7420952dbeb9964b7bea8
  custom:scripting/precompiled-assembly-types:Unity.Subsystem.Registration:  -> d277a39dc91ba107b2f9f0e00249ae0e
  custom:scripting/precompiled-assembly-types:Unity.AdaptivePerformance.Simulator.Extension:  -> b8be562c9560bbf2165033b96fcdac20
  custom:scripting/precompiled-assembly-types:Unity.AdaptivePerformance:  -> 196a4053981ad1333fe8cbdfe1c3440f
  custom:scripting/precompiled-assembly-types:Assembly-CSharp-Editor:  -> aca7125a3389c5f4127a11b74e5e93cb
  custom:scripting/precompiled-assembly-types:Unity.AdaptivePerformance.Editor:  -> 10b958660da57978956ec7799e5ada73
========================================================================
Received Prepare
Caller must complete domain reload
Begin MonoManager ReloadAssembly
- Loaded All Assemblies, in  0.545 seconds
Native extension for WindowsStandalone target not found
Native extension for iOS target not found
Native extension for Android target not found
Mono: successfully reloaded assembly
- Finished resetting the current domain, in  1.336 seconds
Domain Reload Profiling: 1875ms
	BeginReloadAssembly (181ms)
		ExecutionOrderSort (0ms)
		DisableScriptedObjects (6ms)
		BackupInstance (0ms)
		ReleaseScriptingObjects (0ms)
		CreateAndSetChildDomain (38ms)
	RebuildCommonClasses (39ms)
	RebuildNativeTypeToScriptingClass (12ms)
	initialDomainReloadingComplete (38ms)
	LoadAllAssembliesAndSetupDomain (269ms)
		LoadAssemblies (353ms)
		RebuildTransferFunctionScriptingTraits (0ms)
		AnalyzeDomain (19ms)
			TypeCache.Refresh (7ms)
				TypeCache.ScanAssembly (0ms)
			ScanForSourceGeneratedMonoScriptInfo (6ms)
			ResolveRequiredComponents (5ms)
	FinalizeReload (1337ms)
		ReleaseScriptCaches (0ms)
		RebuildScriptCaches (0ms)
		SetupLoadedEditorAssemblies (618ms)
			LogAssemblyErrors (0ms)
			InitializePlatformSupportModulesInManaged (39ms)
			SetLoadedEditorAssemblies (6ms)
			RefreshPlugins (0ms)
			BeforeProcessingInitializeOnLoad (137ms)
			ProcessInitializeOnLoadAttributes (400ms)
			ProcessInitializeOnLoadMethodAttributes (23ms)
			AfterProcessingInitializeOnLoad (13ms)
			EditorAssembliesLoaded (0ms)
		ExecutionOrderSort2 (0ms)
		AwakeInstancesAfterBackupRestoration (11ms)
Refreshing native plugins compatible for Editor in 7.72 ms, found 3 plugins.
Preloading 0 native plugins for Editor in 0.00 ms.
Unloading 3105 Unused Serialized files (Serialized files now loaded: 0)
Unloading 13 unused Assets / (28.1 KB). Loaded Objects now: 3733.
Memory consumption went from 122.6 MB to 122.5 MB.
Total: 7.683400 ms (FindLiveObjects: 0.262000 ms CreateObjectMapping: 0.091700 ms MarkObjects: 7.281800 ms  DeleteObjects: 0.046700 ms)

Prepare: number of updated asset objects reloaded= 0
AssetImportParameters requested are different than current active one (requested -> active):
  custom:container-demuxer-ogg: 62fdf1f143b41e24485cea50d1cbac27 -> 
  custom:video-decoder-ogg-theora: a1e56fd34408186e4bbccfd4996cb3dc -> 
  custom:framework-win-MediaFoundation: 216162199b28c13a410421893ffa2e32 -> 
  custom:CustomObjectIndexerAttribute: 9a22284fe3817be447336de3de66b15e -> 
  custom:container-demuxer-webm: 4f35f7cbe854078d1ac9338744f61a02 -> 
  custom:scripting/monoscript/fileName/SingletonBehaviour.cs: 5f5b9fd296e1ac7bb435f1050710705a -> 
  custom:container-muxer-webm: aa71ff27fc2769a1b78a27578f13a17b -> 
  custom:video-decoder-webm-vp8: 9c59270c3fd7afecdb556c50c9e8de78 -> 
  custom:SearchIndexIgnoredProperties: e643bd26f0fe6173181afceb89e7c659 -> 
  custom:scripting/monoscript/fileName/Logger.cs: 906ed31d9fb9866fa9130da31a84dfb1 -> 
  custom:AudioImporter_EditorPlatform: d09bf68614088b80899f8185d706f6e7 -> 
  custom:video-encoder-webm-vp8: eb34c28f22e8b96e1ab97ce403110664 -> 
  custom:audio-decoder-ogg-vorbis: bf7c407c2cedff20999df2af8eb42d56 -> 
  custom:audio-encoder-webm-vorbis: bf7c407c2cedff20999df2af8eb42d56 -> 
  custom:scripting/monoscript/fileName/SceneLoader.cs: 5c0816849d186432ffce5e360c37577f -> 
  custom:scripting/precompiled-assembly-types:Assembly-CSharp: 06fe919b31b1bf8550944b28f7620cc5 -> 20cdaaa988618e7c32f4baf96f88c255
  custom:scripting/precompiled-assembly-types:Unity.Profiling.Core:  -> a336ccbc8b8eedc26954b35fd863eaec
  custom:scripting/precompiled-assembly-types:Unity.Notifications.Unified:  -> acfe9c264b5115af7d6929aa6a608e69
  custom:scripting/monoscript/fileName/AndroidLogcatConsoleWindow.cs:  -> 8abfcf0f3f6fe0b8c035b8828a556fee
  custom:scripting/precompiled-assembly-types:Unity.Notifications.iOS:  -> f0b5161cef7680ab922a0632cc852537
  custom:scripting/precompiled-assembly-types:Unity.Notifications.Android:  -> 9aa408928bc811d12c1ca9fe1a212ccd
  custom:scripting/precompiled-assembly-types:Unity.Notifications:  -> cfff12e36a20733b86fcb28a9746a270
  custom:scripting/precompiled-assembly-types:Unity.Mobile.AndroidLogcat.Editor:  -> d7d76d8c20c2071732287338102018b8
  custom:scripting/precompiled-assembly-types:Unity.AdaptivePerformance.UI.Editor:  -> 908f964c6ecafb877548f68a9449d641
  custom:scripting/precompiled-assembly-types:Unity.AdaptivePerformance.Profiler.Editor:  -> d175211299ac13ceae18940d7c139f1b
  custom:scripting/precompiled-assembly-types:Unity.AdaptivePerformance.Simulator.Editor:  -> c8f901e57ed7420952dbeb9964b7bea8
  custom:scripting/precompiled-assembly-types:Unity.Subsystem.Registration:  -> d277a39dc91ba107b2f9f0e00249ae0e
  custom:scripting/precompiled-assembly-types:Unity.AdaptivePerformance.Simulator.Extension:  -> b8be562c9560bbf2165033b96fcdac20
  custom:scripting/precompiled-assembly-types:Unity.AdaptivePerformance:  -> 196a4053981ad1333fe8cbdfe1c3440f
  custom:scripting/precompiled-assembly-types:Assembly-CSharp-Editor:  -> aca7125a3389c5f4127a11b74e5e93cb
  custom:scripting/precompiled-assembly-types:Unity.AdaptivePerformance.Editor:  -> 10b958660da57978956ec7799e5ada73
========================================================================
Received Prepare
Caller must complete domain reload
Begin MonoManager ReloadAssembly
- Loaded All Assemblies, in  0.569 seconds
Native extension for WindowsStandalone target not found
Native extension for iOS target not found
Native extension for Android target not found
Mono: successfully reloaded assembly
- Finished resetting the current domain, in  1.488 seconds
Domain Reload Profiling: 2050ms
	BeginReloadAssembly (180ms)
		ExecutionOrderSort (0ms)
		DisableScriptedObjects (7ms)
		BackupInstance (0ms)
		ReleaseScriptingObjects (0ms)
		CreateAndSetChildDomain (30ms)
	RebuildCommonClasses (37ms)
	RebuildNativeTypeToScriptingClass (13ms)
	initialDomainReloadingComplete (40ms)
	LoadAllAssembliesAndSetupDomain (291ms)
		LoadAssemblies (381ms)
		RebuildTransferFunctionScriptingTraits (0ms)
		AnalyzeDomain (20ms)
			TypeCache.Refresh (7ms)
				TypeCache.ScanAssembly (0ms)
			ScanForSourceGeneratedMonoScriptInfo (6ms)
			ResolveRequiredComponents (6ms)
	FinalizeReload (1489ms)
		ReleaseScriptCaches (0ms)
		RebuildScriptCaches (0ms)
		SetupLoadedEditorAssemblies (707ms)
			LogAssemblyErrors (0ms)
			InitializePlatformSupportModulesInManaged (39ms)
			SetLoadedEditorAssemblies (6ms)
			RefreshPlugins (0ms)
			BeforeProcessingInitializeOnLoad (139ms)
			ProcessInitializeOnLoadAttributes (484ms)
			ProcessInitializeOnLoadMethodAttributes (24ms)
			AfterProcessingInitializeOnLoad (14ms)
			EditorAssembliesLoaded (0ms)
		ExecutionOrderSort2 (0ms)
		AwakeInstancesAfterBackupRestoration (12ms)
Refreshing native plugins compatible for Editor in 6.95 ms, found 3 plugins.
Preloading 0 native plugins for Editor in 0.00 ms.
Unloading 3105 Unused Serialized files (Serialized files now loaded: 0)
Unloading 13 unused Assets / (28.1 KB). Loaded Objects now: 3737.
Memory consumption went from 122.6 MB to 122.6 MB.
Total: 2.695600 ms (FindLiveObjects: 0.269100 ms CreateObjectMapping: 0.091500 ms MarkObjects: 2.297900 ms  DeleteObjects: 0.036300 ms)

Prepare: number of updated asset objects reloaded= 0
AssetImportParameters requested are different than current active one (requested -> active):
  custom:container-demuxer-ogg: 62fdf1f143b41e24485cea50d1cbac27 -> 
  custom:video-decoder-ogg-theora: a1e56fd34408186e4bbccfd4996cb3dc -> 
  custom:framework-win-MediaFoundation: 216162199b28c13a410421893ffa2e32 -> 
  custom:CustomObjectIndexerAttribute: 9a22284fe3817be447336de3de66b15e -> 
  custom:container-demuxer-webm: 4f35f7cbe854078d1ac9338744f61a02 -> 
  custom:scripting/monoscript/fileName/SingletonBehaviour.cs: 5f5b9fd296e1ac7bb435f1050710705a -> 
  custom:container-muxer-webm: aa71ff27fc2769a1b78a27578f13a17b -> 
  custom:video-decoder-webm-vp8: 9c59270c3fd7afecdb556c50c9e8de78 -> 
  custom:SearchIndexIgnoredProperties: e643bd26f0fe6173181afceb89e7c659 -> 
  custom:scripting/monoscript/fileName/Logger.cs: 906ed31d9fb9866fa9130da31a84dfb1 -> 
  custom:AudioImporter_EditorPlatform: d09bf68614088b80899f8185d706f6e7 -> 
  custom:video-encoder-webm-vp8: eb34c28f22e8b96e1ab97ce403110664 -> 
  custom:audio-decoder-ogg-vorbis: bf7c407c2cedff20999df2af8eb42d56 -> 
  custom:audio-encoder-webm-vorbis: bf7c407c2cedff20999df2af8eb42d56 -> 
  custom:scripting/monoscript/fileName/SceneLoader.cs: 5c0816849d186432ffce5e360c37577f -> 
  custom:scripting/precompiled-assembly-types:Assembly-CSharp: 06fe919b31b1bf8550944b28f7620cc5 -> 20cdaaa988618e7c32f4baf96f88c255
  custom:scripting/precompiled-assembly-types:Unity.Profiling.Core:  -> a336ccbc8b8eedc26954b35fd863eaec
  custom:scripting/precompiled-assembly-types:Unity.Notifications.Unified:  -> acfe9c264b5115af7d6929aa6a608e69
  custom:scripting/monoscript/fileName/AndroidLogcatConsoleWindow.cs:  -> 8abfcf0f3f6fe0b8c035b8828a556fee
  custom:scripting/precompiled-assembly-types:Unity.Notifications.iOS:  -> f0b5161cef7680ab922a0632cc852537
  custom:scripting/precompiled-assembly-types:Unity.Notifications.Android:  -> 9aa408928bc811d12c1ca9fe1a212ccd
  custom:scripting/precompiled-assembly-types:Unity.Notifications:  -> cfff12e36a20733b86fcb28a9746a270
  custom:scripting/precompiled-assembly-types:Unity.Mobile.AndroidLogcat.Editor:  -> d7d76d8c20c2071732287338102018b8
  custom:scripting/precompiled-assembly-types:Unity.AdaptivePerformance.UI.Editor:  -> 908f964c6ecafb877548f68a9449d641
  custom:scripting/precompiled-assembly-types:Unity.AdaptivePerformance.Profiler.Editor:  -> d175211299ac13ceae18940d7c139f1b
  custom:scripting/precompiled-assembly-types:Unity.AdaptivePerformance.Simulator.Editor:  -> c8f901e57ed7420952dbeb9964b7bea8
  custom:scripting/precompiled-assembly-types:Unity.Subsystem.Registration:  -> d277a39dc91ba107b2f9f0e00249ae0e
  custom:scripting/precompiled-assembly-types:Unity.AdaptivePerformance.Simulator.Extension:  -> b8be562c9560bbf2165033b96fcdac20
  custom:scripting/precompiled-assembly-types:Unity.AdaptivePerformance:  -> 196a4053981ad1333fe8cbdfe1c3440f
  custom:scripting/precompiled-assembly-types:Assembly-CSharp-Editor:  -> aca7125a3389c5f4127a11b74e5e93cb
  custom:scripting/precompiled-assembly-types:Unity.AdaptivePerformance.Editor:  -> 10b958660da57978956ec7799e5ada73
